2018-08-17 12:12:48 INFO  ComarCore:29 - ==========================
2018-08-17 12:12:48 INFO  ComarCore:30 - START
2018-08-17 12:12:48 INFO  ComarCore:31 - ==========================
2018-08-17 12:12:48 INFO  ComarCore:32 - home: D:\trabajo\comar\output
2018-08-17 12:12:50 INFO  CharsetUtils:29 - Default Locale:   es_PE
2018-08-17 12:12:50 INFO  CharsetUtils:30 - Default Charset:  windows-1252
2018-08-17 12:12:50 INFO  CharsetUtils:31 - file.encoding;    Cp1252
2018-08-17 12:12:50 INFO  CharsetUtils:32 - sun.jnu.encoding: Cp1252
2018-08-17 12:12:50 INFO  CharsetUtils:33 - Default Encoding: Cp1252
2018-08-17 12:12:50 INFO  ComarPropertiesImpl:39 - Cargando propiedades por defecto
2018-08-17 12:15:32 INFO  ComarCore:29 - ==========================
2018-08-17 12:15:32 INFO  ComarCore:30 - START
2018-08-17 12:15:32 INFO  ComarCore:31 - ==========================
2018-08-17 12:15:32 INFO  ComarCore:32 - home: D:\trabajo\comar\output
2018-08-17 12:15:34 INFO  CharsetUtils:29 - Default Locale:   es_PE
2018-08-17 12:15:34 INFO  CharsetUtils:30 - Default Charset:  windows-1252
2018-08-17 12:15:34 INFO  CharsetUtils:31 - file.encoding;    Cp1252
2018-08-17 12:15:34 INFO  CharsetUtils:32 - sun.jnu.encoding: Cp1252
2018-08-17 12:15:34 INFO  CharsetUtils:33 - Default Encoding: Cp1252
2018-08-17 12:20:04 INFO  ComarCore:29 - ==========================
2018-08-17 12:20:04 INFO  ComarCore:30 - START
2018-08-17 12:20:04 INFO  ComarCore:31 - ==========================
2018-08-17 12:20:04 INFO  ComarCore:32 - home: D:\trabajo\comar\output
2018-08-17 12:20:05 INFO  CharsetUtils:29 - Default Locale:   es_PE
2018-08-17 12:20:05 INFO  CharsetUtils:30 - Default Charset:  windows-1252
2018-08-17 12:20:05 INFO  CharsetUtils:31 - file.encoding;    Cp1252
2018-08-17 12:20:05 INFO  CharsetUtils:32 - sun.jnu.encoding: Cp1252
2018-08-17 12:20:05 INFO  CharsetUtils:33 - Default Encoding: Cp1252
2018-08-17 12:20:32 INFO  ComarCore:29 - ==========================
2018-08-17 12:20:32 INFO  ComarCore:30 - START
2018-08-17 12:20:32 INFO  ComarCore:31 - ==========================
2018-08-17 12:20:32 INFO  ComarCore:32 - home: D:\trabajo\comar\output
2018-08-17 12:20:33 INFO  CharsetUtils:29 - Default Locale:   es_PE
2018-08-17 12:20:33 INFO  CharsetUtils:30 - Default Charset:  windows-1252
2018-08-17 12:20:33 INFO  CharsetUtils:31 - file.encoding;    Cp1252
2018-08-17 12:20:33 INFO  CharsetUtils:32 - sun.jnu.encoding: Cp1252
2018-08-17 12:20:33 INFO  CharsetUtils:33 - Default Encoding: Cp1252
2018-08-17 12:21:04 INFO  ComarCore:29 - ==========================
2018-08-17 12:21:04 INFO  ComarCore:30 - START
2018-08-17 12:21:04 INFO  ComarCore:31 - ==========================
2018-08-17 12:21:04 INFO  ComarCore:32 - home: D:\trabajo\comar\output
2018-08-17 12:21:05 INFO  CharsetUtils:29 - Default Locale:   es_PE
2018-08-17 12:21:05 INFO  CharsetUtils:30 - Default Charset:  windows-1252
2018-08-17 12:21:05 INFO  CharsetUtils:31 - file.encoding;    Cp1252
2018-08-17 12:21:05 INFO  CharsetUtils:32 - sun.jnu.encoding: Cp1252
2018-08-17 12:21:05 INFO  CharsetUtils:33 - Default Encoding: Cp1252
2018-08-17 12:21:22 INFO  ComarCore:29 - ==========================
2018-08-17 12:21:22 INFO  ComarCore:30 - START
2018-08-17 12:21:22 INFO  ComarCore:31 - ==========================
2018-08-17 12:21:22 INFO  ComarCore:32 - home: D:\trabajo\comar\output
2018-08-17 12:21:23 INFO  CharsetUtils:29 - Default Locale:   es_PE
2018-08-17 12:21:23 INFO  CharsetUtils:30 - Default Charset:  windows-1252
2018-08-17 12:21:23 INFO  CharsetUtils:31 - file.encoding;    Cp1252
2018-08-17 12:21:23 INFO  CharsetUtils:32 - sun.jnu.encoding: Cp1252
2018-08-17 12:21:23 INFO  CharsetUtils:33 - Default Encoding: Cp1252
