

Version:	3.10
CmdLine:	D:\trabajo\comar\output\comar.exe --l4j-debug
WOW64:		yes
Working dir:	D:\trabajo\comar\output\.
Java min ver:	1.6.1
Java max ver:	
64-bit search:	SOFTWARE\JavaSoft\Java Runtime Environment...
Check:		SOFTWARE\JavaSoft\Java Runtime Environment\1.8
Check launcher:	C:\Program Files\Java\jre1.8.0_151\bin\javaw.exe (OK)
Match:		1.8
Check:		SOFTWARE\JavaSoft\Java Runtime Environment\1.8.0_151
Check launcher:	C:\Program Files\Java\jre1.8.0_151\bin\javaw.exe (OK)
Match:		1.8.0_151
64-bit search:	SOFTWARE\JavaSoft\Java Development Kit...
Check:		SOFTWARE\JavaSoft\Java Development Kit\1.8
Ignore:		1.8
Check:		SOFTWARE\JavaSoft\Java Development Kit\1.8.0_151
Ignore:		1.8.0_151
Check:		SOFTWARE\JavaSoft\Java Development Kit\1.8.0_152
Check launcher:	C:\Program Files\Java\jdk1.8.0_152\jre\bin\javaw.exe (OK)
Match:		1.8.0_152
64-bit search:	SOFTWARE\JavaSoft\JRE...
64-bit search:	SOFTWARE\JavaSoft\JDK...
Runtime used:	1.8.0_152 (64-bit)
Launcher:	C:\Program Files\Java\jdk1.8.0_152\jre\bin\javaw.exe
Launcher args:	-jar "D:\trabajo\comar\output\comar.exe"
Args length:	40/32768 chars
Error msg:	An error occurred while starting the application.


Version:	3.10
CmdLine:	D:\trabajo\comar\output\comar.exe --l4j-debug
WOW64:		yes
Working dir:	D:\trabajo\comar\output\.
Java min ver:	1.6.1
Java max ver:	
64-bit search:	SOFTWARE\JavaSoft\Java Runtime Environment...
Check:		SOFTWARE\JavaSoft\Java Runtime Environment\1.8
Check launcher:	C:\Program Files\Java\jre1.8.0_151\bin\javaw.exe (OK)
Match:		1.8
Check:		SOFTWARE\JavaSoft\Java Runtime Environment\1.8.0_151
Check launcher:	C:\Program Files\Java\jre1.8.0_151\bin\javaw.exe (OK)
Match:		1.8.0_151
64-bit search:	SOFTWARE\JavaSoft\Java Development Kit...
Check:		SOFTWARE\JavaSoft\Java Development Kit\1.8
Ignore:		1.8
Check:		SOFTWARE\JavaSoft\Java Development Kit\1.8.0_151
Ignore:		1.8.0_151
Check:		SOFTWARE\JavaSoft\Java Development Kit\1.8.0_152
Check launcher:	C:\Program Files\Java\jdk1.8.0_152\jre\bin\javaw.exe (OK)
Match:		1.8.0_152
64-bit search:	SOFTWARE\JavaSoft\JRE...
64-bit search:	SOFTWARE\JavaSoft\JDK...
Runtime used:	1.8.0_152 (64-bit)
Launcher:	C:\Program Files\Java\jdk1.8.0_152\jre\bin\javaw.exe
Launcher args:	-jar "D:\trabajo\comar\output\comar.exe"
Args length:	40/32768 chars
Error msg:	An error occurred while starting the application.


Version:	3.10
CmdLine:	D:\trabajo\comar\output\comar.exe --l4j-debug
WOW64:		yes
Working dir:	D:\trabajo\comar\output\.
Java min ver:	1.6.1
Java max ver:	
64-bit search:	SOFTWARE\JavaSoft\Java Runtime Environment...
Check:		SOFTWARE\JavaSoft\Java Runtime Environment\1.8
Check launcher:	C:\Program Files\Java\jre1.8.0_151\bin\javaw.exe (OK)
Match:		1.8
Check:		SOFTWARE\JavaSoft\Java Runtime Environment\1.8.0_151
Check launcher:	C:\Program Files\Java\jre1.8.0_151\bin\javaw.exe (OK)
Match:		1.8.0_151
64-bit search:	SOFTWARE\JavaSoft\Java Development Kit...
Check:		SOFTWARE\JavaSoft\Java Development Kit\1.8
Ignore:		1.8
Check:		SOFTWARE\JavaSoft\Java Development Kit\1.8.0_151
Ignore:		1.8.0_151
Check:		SOFTWARE\JavaSoft\Java Development Kit\1.8.0_152
Check launcher:	C:\Program Files\Java\jdk1.8.0_152\jre\bin\javaw.exe (OK)
Match:		1.8.0_152
64-bit search:	SOFTWARE\JavaSoft\JRE...
64-bit search:	SOFTWARE\JavaSoft\JDK...
Runtime used:	1.8.0_152 (64-bit)
Launcher:	C:\Program Files\Java\jdk1.8.0_152\jre\bin\javaw.exe
Launcher args:	-jar "D:\trabajo\comar\output\comar.exe"
Args length:	40/32768 chars
Exit code:	259


Version:	3.10
CmdLine:	D:\trabajo\comar\output\comar.exe --l4j-debug
WOW64:		yes
Working dir:	D:\trabajo\comar\output\.
Java min ver:	1.6.1
Java max ver:	
64-bit search:	SOFTWARE\JavaSoft\Java Runtime Environment...
Check:		SOFTWARE\JavaSoft\Java Runtime Environment\1.8
Check launcher:	C:\Program Files\Java\jre1.8.0_151\bin\javaw.exe (OK)
Match:		1.8
Check:		SOFTWARE\JavaSoft\Java Runtime Environment\1.8.0_151
Check launcher:	C:\Program Files\Java\jre1.8.0_151\bin\javaw.exe (OK)
Match:		1.8.0_151
64-bit search:	SOFTWARE\JavaSoft\Java Development Kit...
Check:		SOFTWARE\JavaSoft\Java Development Kit\1.8
Ignore:		1.8
Check:		SOFTWARE\JavaSoft\Java Development Kit\1.8.0_151
Ignore:		1.8.0_151
Check:		SOFTWARE\JavaSoft\Java Development Kit\1.8.0_152
Check launcher:	C:\Program Files\Java\jdk1.8.0_152\jre\bin\javaw.exe (OK)
Match:		1.8.0_152
64-bit search:	SOFTWARE\JavaSoft\JRE...
64-bit search:	SOFTWARE\JavaSoft\JDK...
Runtime used:	1.8.0_152 (64-bit)
Launcher:	C:\Program Files\Java\jdk1.8.0_152\jre\bin\javaw.exe
Launcher args:	-jar "D:\trabajo\comar\output\comar.exe"
Args length:	40/32768 chars
Exit code:	259
